<?xml version="1.0" encoding="UTF-8"?>
<beans xmlns="http://www.springframework.org/schema/beans"
	xmlns:xsi="http://www.w3.org/2001/XMLSchema-instance"
	xmlns:util="http://www.springframework.org/schema/util"
	xmlns:tx="http://www.springframework.org/schema/tx"
	xsi:schemaLocation="http://www.springframework.org/schema/beans http://www.springframework.org/schema/beans/spring-beans.xsd
		http://www.springframework.org/schema/tx http://www.springframework.org/schema/tx/spring-tx-4.3.xsd
		http://www.springframework.org/schema/util http://www.springframework.org/schema/util/spring-util-4.3.xsd">
	

		<bean class="org.springframework.jdbc.datasource.DriverManagerDataSource" id="dataSource">
			<property name="username" value="#{db['oracle.user']}"/>
			<property name="password" value="#{db['oracle.password']}"/>
			<property name="url" value="#{db['oracle.url']}"/>
			<property name="driverClassName" value="#{db['oracle.driver']}"/>
		</bean>
		
		<bean class="org.mybatis.spring.SqlSessionFactoryBean" id="sqlSessionFactoryBean">
			<property name="dataSource" ref="dataSource"/>
			<property name="mapperLocations" value="classpath:/#{db['my']}/mappers/*Mapper.xml"/>
			<property name="configLocation" value="classpath:/#{db['my']}/config/mybatisConfig.xml"/>
		</bean>
		<bean class="org.mybatis.spring.SqlSessionTemplate" id="sqlSession">
			<constructor-arg name="sqlSessionFactory" ref="sqlSessionFactoryBean"/>
		</bean>	
		
		<!-- transAction Maneger 설정 -->
		<bean class="org.springframework.jdbc.datasource.DataSourceTransactionManager" id="txManager">
			<property name="dataSource" ref="dataSource"/>
		</bean>
		
		<tx:annotation-driven proxy-target-class="true"/>

</beans>
